

times in msec
 clock   self+sourced   self:  sourced script
 clock   elapsed:              other lines

000.008  000.008: --- NVIM STARTING ---
000.091  000.083: event init
000.212  000.121: early init
000.538  000.325: locale set
000.585  000.048: init first window
000.921  000.336: inits 1
000.939  000.018: window checked
001.005  000.066: parsing arguments
001.522  000.033  000.033: require('vim.shared')
001.615  000.038  000.038: require('vim._options')
001.617  000.085  000.047: require('vim._editor')
001.618  000.223  000.106: require('vim._init_packages')
001.621  000.393: init lua interpreter
003.490  001.870: expanding arguments
003.522  000.032: inits 2
003.819  000.297: init highlight
003.822  000.004: waiting for UI
004.079  000.257: done waiting for UI
004.093  000.014: clear screen
004.289  000.196: init default mappings & autocommands
004.936  000.093  000.093: sourcing /opt/homebrew/Cellar/neovim/0.9.5/share/nvim/runtime/ftplugin.vim
005.028  000.024  000.024: sourcing /opt/homebrew/Cellar/neovim/0.9.5/share/nvim/runtime/indent.vim
005.399  000.156  000.156: require('disable_builtin')
006.080  000.521  000.521: require('lazy')
006.103  000.012  000.012: require('ffi')
006.141  000.036  000.036: require('vim.loader')
006.236  000.037  000.037: require('vim.fs')
006.382  000.224  000.187: require('lazy.stats')
006.700  000.281  000.281: require('lazy.core.util')
006.868  000.167  000.167: require('lazy.core.config')
007.068  000.089  000.089: require('lazy.core.handler')
007.223  000.154  000.154: require('lazy.core.plugin')
007.229  000.357  000.114: require('lazy.core.loader')
007.791  000.084  000.084: require('plugins')
007.946  000.129  000.129: require('plugins.alpha')
008.044  000.087  000.087: require('plugins.barbar')
008.188  000.129  000.129: require('plugins.cmp')
008.398  000.158  000.158: require('plugins.colorizer')
008.508  000.103  000.103: require('plugins.colorscheme')
008.690  000.170  000.170: require('plugins.commentary')
008.821  000.105  000.105: require('plugins.conflict-marker')
009.013  000.130  000.130: require('plugins.ctrlsf')
009.176  000.156  000.156: require('plugins.fidget')
009.347  000.156  000.156: require('plugins.filetype')
009.556  000.199  000.199: require('plugins.flit')
009.700  000.124  000.124: require('plugins.floaterm')
009.935  000.230  000.230: require('plugins.fugitive')
010.266  000.167  000.167: require('plugins.fzf')
010.368  000.077  000.077: require('plugins.gitsigns')
010.484  000.104  000.104: require('plugins.hlslens')
010.616  000.079  000.079: require('plugins.hop')
010.783  000.118  000.118: require('plugins.illuminate')
010.922  000.134  000.134: require('plugins.indent-blankline')
011.037  000.109  000.109: require('plugins.kitty-navigator')
011.155  000.113  000.113: require('plugins.lsp')
011.432  000.100  000.100: require('plugins.lsp_saga')
011.656  000.169  000.169: require('plugins.lualine')
011.748  000.083  000.083: require('plugins.matchup')
011.824  000.071  000.071: require('plugins.maximizer')
011.938  000.111  000.111: require('plugins.mundo')
012.010  000.067  000.067: require('plugins.navic')
012.091  000.076  000.076: require('plugins.notify')
012.157  000.062  000.062: require('plugins.projectionist')
012.264  000.103  000.103: require('plugins.rails')
012.337  000.068  000.068: require('plugins.rainbow-delimiters')
012.397  000.055  000.055: require('plugins.repeat')
012.499  000.095  000.095: require('plugins.scrollbar')
012.803  000.175  000.175: require('plugins.sideways')
012.880  000.071  000.071: require('plugins.splitjoin')
012.956  000.068  000.068: require('plugins.switch')
013.025  000.064  000.064: require('plugins.syntax')
013.098  000.065  000.065: require('plugins.tabular')
013.239  000.135  000.135: require('plugins.telescope')
013.649  000.201  000.201: require('plugins.test')
013.753  000.095  000.095: require('plugins.tmux-navigator')
014.420  000.322  000.322: require('plugins.tree-explorer')
014.679  000.208  000.208: require('plugins.treesitter')
014.833  000.089  000.089: require('plugins.vista')
014.914  000.078  000.078: require('plugins.visual-multi')
015.038  000.073  000.073: require('plugins.which-key')
015.115  000.072  000.072: require('plugins.winresizer')
015.618  000.093  000.093: require('lazy.core.handler.keys')
015.751  000.130  000.130: require('lazy.core.handler.event')
015.822  000.069  000.069: require('lazy.core.handler.ft')
015.927  000.103  000.103: require('lazy.core.handler.cmd')
016.026  000.005  000.005: require('vim.keymap')
017.601  000.027  000.027: require('vim.inspect')
018.371  000.309  000.309: sourcing /opt/homebrew/Cellar/neovim/0.9.5/share/nvim/runtime/filetype.lua
019.835  000.062  000.062: require('cmp.utils.debug')
020.039  000.094  000.094: require('cmp.utils.char')
020.043  000.208  000.114: require('cmp.utils.str')
020.307  000.089  000.089: require('cmp.utils.misc')
020.384  000.076  000.076: require('cmp.utils.buffer')
020.462  000.077  000.077: require('cmp.utils.api')
020.472  000.326  000.083: require('cmp.utils.keymap')
020.474  000.430  000.104: require('cmp.utils.feedkeys')
020.884  000.062  000.062: require('cmp.types.cmp')
020.970  000.085  000.085: require('cmp.types.lsp')
021.033  000.061  000.061: require('cmp.types.vim')
021.034  000.291  000.082: require('cmp.types')
021.038  000.382  000.091: require('cmp.config.mapping')
021.102  000.063  000.063: require('cmp.utils.cache')
021.296  000.100  000.100: require('cmp.config.compare')
021.298  000.194  000.094: require('cmp.config.default')
021.316  000.749  000.109: require('cmp.config')
021.328  000.850  000.101: require('cmp.utils.async')
021.568  000.120  000.120: require('cmp.utils.pattern')
021.571  000.241  000.121: require('cmp.context')
022.134  000.250  000.250: require('cmp.utils.snippet')
022.206  000.070  000.070: require('cmp.matcher')
022.210  000.556  000.236: require('cmp.entry')
022.215  000.643  000.087: require('cmp.source')
022.339  000.059  000.059: require('cmp.utils.event')
022.526  000.058  000.058: require('cmp.utils.options')
022.529  000.129  000.071: require('cmp.utils.window')
022.531  000.190  000.061: require('cmp.view.docs_view')
022.665  000.059  000.059: require('cmp.utils.autocmd')
022.671  000.139  000.081: require('cmp.view.custom_entries_view')
022.743  000.071  000.071: require('cmp.view.wildmenu_entries_view')
022.809  000.065  000.065: require('cmp.view.native_entries_view')
022.920  000.110  000.110: require('cmp.view.ghost_text_view')
022.926  000.710  000.075: require('cmp.view')
023.843  004.166  001.021: require('cmp.core')
024.013  000.071  000.071: require('cmp.config.sources')
024.077  000.063  000.063: require('cmp.config.window')
024.103  004.562  000.263: require('cmp')
024.552  000.251  000.251: require('vim.lsp.protocol')
024.682  000.129  000.129: require('vim.lsp._snippet')
024.744  000.060  000.060: require('vim.highlight')
024.752  000.007  000.007: require('vim.F')
024.762  000.592  000.145: require('vim.lsp.util')
024.764  000.660  000.067: require('cmp_nvim_ultisnips.snippets')
024.766  005.306  000.084: require('cmp_nvim_ultisnips.source')
024.829  000.062  000.062: require('cmp_nvim_ultisnips.config')
024.831  005.691  000.322: require('cmp_nvim_ultisnips')
026.535  000.500  000.500: require('tailwindcss-colorizer-cmp')
027.059  000.391  000.391: require('cmp.utils.highlight')
027.239  000.616  000.225: sourcing /Users/bartoszmaka/.local/share/nvim/lazy/nvim-cmp/plugin/cmp.lua
027.442  000.103  000.103: require('helper.colors')
027.525  000.081  000.081: require('helper.symbols')
027.602  000.077  000.077: require('helper.statusline_segments')
027.696  000.092  000.092: require('helper.lualine')
027.701  000.451  000.098: require('helper')
027.801  000.099  000.099: require('helper.cmp')
031.281  000.069  000.069: require('tabnine.config')
031.352  000.069  000.069: require('tabnine.consts')
031.412  000.059  000.059: require('tabnine.state')
031.572  000.090  000.090: require('tabnine.third_party.semver.semver')
031.651  000.078  000.078: require('tabnine.utils')
031.658  000.245  000.077: require('tabnine.binary')
031.661  000.529  000.086: require('tabnine.completion')
031.686  000.624  000.095: require('tabnine.auto_commands')
032.230  000.289  000.289: require('tabnine.chat.binary')
032.360  000.128  000.128: require('tabnine.lsp')
032.372  000.560  000.142: require('tabnine.chat')
032.471  000.098  000.098: require('tabnine.chat.codelens')
032.477  000.724  000.067: require('tabnine.chat.auto_commands')
032.592  000.114  000.114: require('tabnine.features')
032.647  000.055  000.055: require('tabnine.chat.user_commands')
032.648  000.961  000.068: require('tabnine.chat.setup')
032.704  000.054  000.054: require('tabnine.keymaps')
032.759  000.055  000.055: require('tabnine.status')
032.821  000.061  000.061: require('tabnine.user_commands')
033.152  000.087  000.087: require('vim.lsp.log')
033.192  000.203  000.116: require('vim.lsp.handlers')
033.276  000.083  000.083: require('vim.lsp.rpc')
033.334  000.057  000.057: require('vim.lsp.sync')
033.409  000.074  000.074: require('vim.lsp.semantic_tokens')
033.488  000.077  000.077: require('vim.lsp.buf')
033.545  000.057  000.057: require('vim.lsp.diagnostic')
033.607  000.060  000.060: require('vim.lsp.codelens')
033.641  000.766  000.155: require('vim.lsp')
033.642  000.821  000.055: require('tabnine.workspace')
033.643  002.933  000.358: require('tabnine')
033.721  000.061  000.061: require('vim.version')
035.226  007.424  004.430: require('tabnine.keymaps')
036.186  017.793  003.013: require('cmp')
037.045  000.354  000.354: require('onedark')
038.234  000.060  000.060: require('onedark')
038.768  000.072  000.072: require('onedark.palette')
038.820  000.188  000.116: require('onedark.colors')
038.892  000.063  000.063: require('onedark.util')
038.968  000.476  000.226: require('onedark.highlights')
040.418  000.106  000.106: require('onedark.terminal')
040.426  002.544  001.902: sourcing /Users/bartoszmaka/.local/share/nvim/lazy/onedark.nvim/colors/onedark.lua
040.714  000.023  000.023: sourcing /Users/bartoszmaka/.local/share/nvim/lazy/vim-graphql/ftdetect/graphql.vim
041.372  000.111  000.111: sourcing /Users/bartoszmaka/.local/share/nvim/lazy/ctrlsf.vim/autoload/ctrlsf/backend.vim
041.576  000.573  000.461: sourcing /Users/bartoszmaka/.local/share/nvim/lazy/ctrlsf.vim/plugin/ctrlsf.vim
042.232  000.529  000.529: sourcing /Users/bartoszmaka/.local/share/nvim/lazy/vim-fugitive/plugin/fugitive.vim
042.340  000.006  000.006: sourcing /Users/bartoszmaka/.local/share/nvim/lazy/vim-fugitive/ftdetect/fugitive.vim
043.877  000.104  000.104: require('vim.treesitter.language')
043.909  000.243  000.140: require('vim.treesitter.query')
044.008  000.098  000.098: require('vim.treesitter._range')
044.028  000.473  000.132: require('vim.treesitter.languagetree')
044.032  000.589  000.116: require('vim.treesitter')
044.915  001.716  001.127: require('nvim-treesitter.parsers')
044.917  002.092  000.376: require('nvim-treesitter-playground')
045.347  000.127  000.127: require('nvim-treesitter.utils')
045.569  000.047  000.047: require('nvim-treesitter.compat')
045.676  000.057  000.057: require('nvim-treesitter.ts_utils')
045.679  000.110  000.052: require('nvim-treesitter.tsrange')
045.730  000.050  000.050: require('nvim-treesitter.caching')
045.736  000.267  000.061: require('nvim-treesitter.query')
045.745  000.342  000.074: require('nvim-treesitter.configs')
045.746  000.398  000.057: require('nvim-treesitter.info')
045.810  000.063  000.063: require('nvim-treesitter.shell_command_selectors')
045.821  000.778  000.190: require('nvim-treesitter.install')
045.874  000.052  000.052: require('nvim-treesitter.statusline')
045.929  000.054  000.054: require('nvim-treesitter.query_predicates')
045.930  001.013  000.129: require('nvim-treesitter')
045.940  003.163  000.058: sourcing /Users/bartoszmaka/.local/share/nvim/lazy/playground/plugin/nvim-treesitter-playground.lua
046.489  000.355  000.355: require('nvim-treesitter-textobjects')
046.614  000.067  000.067: require('nvim-treesitter.textobjects.shared')
046.617  000.124  000.057: require('nvim-treesitter.textobjects.select')
046.735  000.055  000.055: require('nvim-treesitter.textobjects.attach')
051.615  000.085  000.085: require('nvim-treesitter.textobjects.repeatable_move')
051.619  004.993  004.854: require('nvim-treesitter.textobjects.move')
051.802  000.067  000.067: require('nvim-treesitter.textobjects.swap')
051.964  000.136  000.136: require('nvim-treesitter.textobjects.lsp_interop')
051.977  005.858  000.184: sourcing /Users/bartoszmaka/.local/share/nvim/lazy/nvim-treesitter-textobjects/plugin/nvim-treesitter-textobjects.vim
052.171  000.055  000.055: sourcing /Users/bartoszmaka/.local/share/nvim/lazy/nvim-ts-context-commentstring/plugin/ts_context_commentstring.lua
053.037  000.064  000.064: require('treesitter-context.config')
053.043  000.406  000.342: require('treesitter-context')
053.081  000.487  000.081: sourcing /Users/bartoszmaka/.local/share/nvim/lazy/nvim-treesitter-context/plugin/treesitter-context.lua
054.088  000.052  000.052: require('nvim-ts-autotag._log')
054.144  000.055  000.055: require('nvim-ts-autotag.utils')
054.151  000.193  000.086: require('nvim-ts-autotag.internal')
054.153  000.595  000.403: require('nvim-ts-autotag')
054.155  000.607  000.012: sourcing /Users/bartoszmaka/.local/share/nvim/lazy/nvim-ts-autotag/plugin/nvim-ts-autotag.vim
054.926  000.662  000.662: sourcing /Users/bartoszmaka/.local/share/nvim/lazy/nvim-treesitter/plugin/nvim-treesitter.lua
055.002  000.063  000.063: require('ts_context_commentstring')
055.064  000.060  000.060: require('ts_context_commentstring.config')
084.051  000.141  000.141: require('nvim-treesitter.highlight')
084.325  000.077  000.077: require('nvim-treesitter.indent')
084.662  000.054  000.054: require('nvim-autopairs._log')
084.724  000.061  000.061: require('nvim-autopairs.utils')
084.983  000.113  000.113: require('nvim-autopairs.conds')
084.989  000.198  000.085: require('nvim-autopairs.rule')
084.990  000.265  000.068: require('nvim-autopairs.rules.basic')
085.000  000.605  000.225: require('nvim-autopairs')
085.292  000.079  000.079: require('nvim-autopairs.ts-conds')
085.296  000.157  000.078: require('nvim-autopairs.rules.ts_basic')
085.402  000.105  000.105: require('vim.treesitter.highlighter')
086.270  000.062  000.062: require('nvim-autopairs.ts-rule')
086.288  000.159  000.097: require('nvim-autopairs.rules.endwise-lua')
086.651  000.261  000.261: require('nvim-autopairs.rules.endwise-ruby')
087.200  000.088  000.088: require('hlargs.config')
087.302  000.100  000.100: require('hlargs.util')
087.308  000.317  000.129: require('hlargs.parse')
087.516  000.065  000.065: require('hlargs.colorpalette')
087.519  000.139  000.074: require('hlargs.paint')
087.523  000.214  000.076: require('hlargs.bufdata')
087.584  000.059  000.059: require('hlargs.async')
087.590  000.702  000.111: require('hlargs.events')
087.592  000.779  000.077: require('hlargs')
088.639  000.417  000.417: sourcing /Users/bartoszmaka/.local/share/nvim/lazy/vim-tmux-clipboard/plugin/vimtmuxclipboard.vim
089.121  000.147  000.147: sourcing /Users/bartoszmaka/.local/share/nvim/lazy/vimux/plugin/vimux.vim
089.307  000.071  000.071: sourcing /Users/bartoszmaka/.local/share/nvim/lazy/vim-tmux-navigator/plugin/tmux_navigator.vim
090.205  000.423  000.423: require('rainbow-delimiters.config')
090.310  000.104  000.104: require('rainbow-delimiters.log')
090.443  000.060  000.060: require('rainbow-delimiters.util')
090.446  000.135  000.075: require('rainbow-delimiters.lib')
090.658  000.073  000.073: require('rainbow-delimiters.stack')
090.661  000.150  000.077: require('rainbow-delimiters.strategy.global')
090.666  000.219  000.068: require('rainbow-delimiters.default')
090.685  000.964  000.083: sourcing /Users/bartoszmaka/.local/share/nvim/lazy/rainbow-delimiters.nvim/plugin/rainbow-delimiters.lua
090.843  000.075  000.075: require('rainbow-delimiters.strategy.local')
090.896  000.052  000.052: require('rainbow-delimiters.strategy.no-op')
090.897  000.202  000.075: require('rainbow-delimiters')
090.951  000.053  000.053: require('rainbow-delimiters.setup')
091.114  000.041  000.041: sourcing /Users/bartoszmaka/.local/share/nvim/lazy/vim-showmarks/plugin/showmarks.vim
093.445  000.024  000.024: sourcing /Users/bartoszmaka/.local/share/nvim/lazy/plenary.nvim/plugin/plenary.vim
094.343  000.138  000.138: sourcing /Users/bartoszmaka/.local/share/nvim/lazy/fzf-mru.vim/autoload/fzf_mru/mrufiles.vim
094.382  000.485  000.347: sourcing /Users/bartoszmaka/.local/share/nvim/lazy/fzf-mru.vim/plugin/fzf_mru.vim
094.698  000.189  000.189: sourcing /Users/bartoszmaka/.local/share/nvim/lazy/telescope.nvim/plugin/telescope.lua
095.754  000.207  000.207: require('telescope._extensions')
095.761  001.045  000.839: require('telescope')
096.980  000.052  000.052: require('plenary.bit')
097.035  000.053  000.053: require('plenary.functional')
097.052  000.196  000.091: require('plenary.path')
097.064  000.468  000.272: require('plenary.strings')
097.122  000.058  000.058: require('telescope.deprecated')
097.335  000.087  000.087: require('plenary.log')
097.365  000.172  000.084: require('telescope.log')
097.522  000.066  000.066: require('plenary.job')
097.581  000.059  000.059: require('telescope.state')
097.585  000.220  000.095: require('telescope.utils')
097.589  000.466  000.075: require('telescope.sorters')
098.533  002.512  001.521: require('telescope.config')
098.697  000.056  000.056: require('plenary.window.border')
098.783  000.085  000.085: require('plenary.window')
098.831  000.046  000.046: require('plenary.popup.utils')
098.832  000.297  000.110: require('plenary.popup')
098.927  000.094  000.094: require('telescope.pickers.scroller')
099.018  000.090  000.090: require('telescope.actions.state')
099.083  000.065  000.065: require('telescope.actions.utils')
099.218  000.069  000.069: require('telescope.actions.mt')
099.225  000.141  000.072: require('telescope.actions.set')
099.351  000.071  000.071: require('telescope.config.resolve')
099.352  000.126  000.055: require('telescope.pickers.entry_display')
099.406  000.053  000.053: require('telescope.from_entry')
099.495  003.733  000.354: require('telescope.actions')
099.668  000.051  000.051: require('telescope.pickers.window')
099.679  000.129  000.078: require('telescope.pickers.layout_strategies')
099.724  000.229  000.100: require('telescope.actions.layout')
100.746  000.281  000.281: require('fzf_lib')
100.748  000.352  000.071: require('telescope._extensions.fzf')
101.301  000.084  000.084: require('plenary.tbl')
101.303  000.134  000.051: require('plenary.vararg.rotate')
101.304  000.208  000.073: require('plenary.vararg')
101.350  000.045  000.045: require('plenary.errors')
101.352  000.331  000.078: require('plenary.async.async')
101.541  000.046  000.046: require('plenary.async.structs')
101.545  000.100  000.054: require('plenary.async.control')
101.547  000.150  000.051: require('plenary.async.util')
101.549  000.196  000.045: require('plenary.async.tests')
101.550  000.607  000.080: require('plenary.async')
101.614  000.063  000.063: require('telescope.debounce')
101.736  000.120  000.120: require('telescope.mappings')
101.802  000.064  000.064: require('telescope.pickers.highlights')
101.924  000.060  000.060: require('telescope.algos.linked_list')
101.926  000.123  000.063: require('telescope.entry_manager')
101.985  000.058  000.058: require('telescope.pickers.multi')
101.993  001.189  000.154: require('telescope.pickers')
102.173  000.117  000.117: require('telescope.make_entry')
102.231  000.057  000.057: require('telescope.finders.async_static_finder')
102.399  000.044  000.044: require('plenary.class')
102.405  000.115  000.071: require('telescope._')
102.406  000.174  000.059: require('telescope.finders.async_oneshot_finder')
102.462  000.055  000.055: require('telescope.finders.async_job_finder')
102.464  000.470  000.068: require('telescope.finders')
102.466  001.714  000.055: require('telescope._extensions.fzf_mru')
102.641  000.055  000.055: require('telescope.previewers.previewer')
102.787  000.145  000.145: require('telescope.previewers.term_previewer')
103.026  000.051  000.051: require('plenary.context_manager')
103.029  000.126  000.075: require('telescope.previewers.utils')
103.946  000.916  000.916: require('plenary.filetype')
104.892  000.913  000.913: require('plenary.scandir')
104.961  002.174  000.218: require('telescope.previewers.buffer_previewer')
104.965  002.441  000.067: require('telescope.previewers')
104.970  002.502  000.061: require('telescope._extensions.ultisnips')
105.280  000.069  000.069: sourcing /Users/bartoszmaka/.local/share/nvim/lazy/splitjoin.vim/plugin/splitjoin.vim
105.778  000.070  000.070: sourcing /Users/bartoszmaka/.local/share/nvim/lazy/vim-projectionist/plugin/projectionist.vim
106.239  000.105  000.105: sourcing /Users/bartoszmaka/.local/share/nvim/lazy/vim-floaterm/plugin/floaterm.vim
107.046  000.072  000.072: sourcing /opt/homebrew/Cellar/neovim/0.9.5/share/nvim/runtime/plugin/matchparen.vim
107.269  000.150  000.150: sourcing /Users/bartoszmaka/.local/share/nvim/lazy/vim-matchup/autoload/matchup.vim
107.366  000.043  000.043: sourcing /Users/bartoszmaka/.local/share/nvim/lazy/vim-matchup/autoload/matchup/perf.vim
107.854  000.295  000.295: require('treesitter-matchup')
108.006  000.481  000.186: sourcing /Users/bartoszmaka/.local/share/nvim/lazy/vim-matchup/autoload/matchup/loader.vim
108.358  000.278  000.278: sourcing /Users/bartoszmaka/.local/share/nvim/lazy/vim-matchup/autoload/matchup/matchparen.vim
108.805  002.193  001.168: sourcing /Users/bartoszmaka/.local/share/nvim/lazy/vim-matchup/plugin/matchup.vim
109.340  000.077  000.077: sourcing /Users/bartoszmaka/.local/share/nvim/lazy/vim-visual-multi/autoload/vm/plugs.vim
109.640  000.146  000.146: sourcing /Users/bartoszmaka/.local/share/nvim/lazy/vim-visual-multi/autoload/vm/maps.vim
109.846  000.066  000.066: sourcing /Users/bartoszmaka/.local/share/nvim/lazy/vim-visual-multi/autoload/vm/maps/all.vim
110.371  001.423  001.134: sourcing /Users/bartoszmaka/.local/share/nvim/lazy/vim-visual-multi/plugin/visual-multi.vim
110.608  000.125  000.125: require('helper/colors')
111.411  000.084  000.084: require('scrollbar.const')
111.505  000.093  000.093: require('scrollbar.utils')
111.585  000.079  000.079: require('scrollbar.handlers')
111.587  000.978  000.721: require('scrollbar')
111.674  000.085  000.085: require('scrollbar.config')
111.910  000.073  000.073: require('scrollbar.handlers.cursor')
112.243  000.250  000.250: require('vim.diagnostic')
112.246  000.325  000.076: require('scrollbar.handlers.diagnostic')
112.768  000.042  000.042: sourcing /Users/bartoszmaka/.local/share/nvim/lazy/ultisnips/autoload/UltiSnips/map_keys.vim
112.810  000.433  000.392: sourcing /Users/bartoszmaka/.local/share/nvim/lazy/ultisnips/plugin/UltiSnips.vim
112.898  000.013  000.013: sourcing /Users/bartoszmaka/.local/share/nvim/lazy/ultisnips/ftdetect/snippets.vim
113.173  000.093  000.093: sourcing /Users/bartoszmaka/.local/share/nvim/lazy/hop.nvim/plugin/hop.vim
113.961  000.073  000.073: require('hop.perm')
113.963  000.199  000.126: require('hop.defaults')
114.085  000.060  000.060: require('hop.priority')
114.086  000.123  000.063: require('hop.hint')
114.241  000.076  000.076: require('hop.window')
114.244  000.157  000.081: require('hop.jump_target')
114.248  001.062  000.584: require('hop')
114.309  000.060  000.060: require('hop.highlight')
114.815  000.122  000.122: sourcing /Users/bartoszmaka/.local/share/nvim/lazy/vim-repeat/autoload/repeat.vim
115.582  000.067  000.067: sourcing /opt/homebrew/Cellar/neovim/0.9.5/share/nvim/runtime/autoload/provider/pythonx.vim
336.791  000.096  000.096: sourcing /opt/homebrew/Cellar/neovim/0.9.5/share/nvim/runtime/autoload/remote/host.vim
336.848  221.470  221.307: sourcing /opt/homebrew/Cellar/neovim/0.9.5/share/nvim/runtime/autoload/provider/python3.vim
336.866  221.928  000.459: sourcing /Users/bartoszmaka/.local/share/nvim/lazy/vim-jsonpath/plugin/jsonpath.vim
337.216  000.145  000.145: sourcing /Users/bartoszmaka/.local/share/nvim/lazy/conflict-marker.vim/plugin/conflict_marker.vim
338.486  000.167  000.167: require('gitsigns.async')
338.570  000.083  000.083: require('gitsigns.debug.log')
338.754  000.183  000.183: require('gitsigns.config')
338.757  001.067  000.635: require('gitsigns')
339.050  000.144  000.144: require('gitsigns.highlight')
340.984  000.581  000.581: require('filetype')
341.433  000.020  000.020: sourcing /Users/bartoszmaka/.local/share/nvim/lazy/nvim-web-devicons/plugin/nvim-web-devicons.vim
342.116  000.300  000.300: sourcing /Users/bartoszmaka/.local/share/nvim/lazy/fzf/plugin/fzf.vim
342.872  000.571  000.571: require('fzf-lua.cmp_src')
342.894  000.668  000.097: sourcing /Users/bartoszmaka/.local/share/nvim/lazy/fzf-lua/plugin/fzf-lua.lua
342.948  000.008  000.008: sourcing /Users/bartoszmaka/.local/share/nvim/lazy/fzf-lua/plugin/fzf-lua.vim
344.227  001.129  001.129: require('fzf-lua.utils')
344.989  000.114  000.114: require('fzf-lua.lib.base64')
345.157  000.167  000.167: require('fzf-lua.lib.serpent')
345.161  000.685  000.403: require('fzf-lua.libuv')
345.166  000.937  000.252: require('fzf-lua.path')
345.174  002.216  000.150: require('fzf-lua.actions')
346.253  000.473  000.473: require('nvim-web-devicons.icons-default')
346.351  000.935  000.462: require('nvim-web-devicons')
346.375  001.017  000.082: require('fzf-lua.devicons')
346.575  000.062  000.062: require('fzf-lua.previewer')
346.616  000.239  000.177: require('fzf-lua.defaults')
346.620  001.338  000.082: require('fzf-lua.config')
346.680  000.007  000.007: sourcing /Users/bartoszmaka/.local/share/nvim/lazy/fzf-lua/plugin/fzf-lua.vim
346.777  000.016  000.016: sourcing /Users/bartoszmaka/.local/share/nvim/lazy/fzf-lua/autoload/fzf_lua.vim
347.184  000.061  000.061: require('fzf-lua.fzf')
347.289  000.103  000.103: require('fzf-lua.win')
347.355  000.065  000.065: require('fzf-lua.shell')
347.416  000.060  000.060: require('fzf-lua.make_entry')
347.421  000.400  000.111: require('fzf-lua.core')
347.426  002.235  000.475: require('fzf-lua')
348.186  000.019  000.019: sourcing /Users/bartoszmaka/.local/share/nvim/lazy/nvim-hlslens/plugin/hlslens.vim
348.720  000.524  000.524: require('hlslens')
348.874  000.049  000.049: require('hlslens.lib.disposable')
348.875  000.099  000.051: require('hlslens.lib.event')
348.986  000.051  000.051: require('hlslens.utils')
349.092  000.046  000.046: require('hlslens.config')
349.142  000.049  000.049: require('hlslens.decorator')
349.190  000.048  000.048: require('hlslens.lib.throttle')
349.247  000.056  000.056: require('hlslens.position')
349.292  000.044  000.044: require('hlslens.render.winhl')
349.342  000.048  000.048: require('hlslens.render.extmark')
349.439  000.049  000.049: require('hlslens.highlight')
349.440  000.098  000.049: require('hlslens.render.floatwin')
349.444  000.457  000.069: require('hlslens.render')
349.494  000.050  000.050: require('hlslens.cmdline.parser')
349.539  000.044  000.044: require('hlslens.cmdline.fold')
349.588  000.047  000.047: require('hlslens.lib.debounce')
349.590  000.714  000.065: require('hlslens.cmdline')
349.592  000.871  000.057: require('hlslens.main')
349.727  000.065  000.065: require('hlslens.wffi')
349.729  000.112  000.047: require('hlslens.position.range.regex')
350.668  000.006  000.006: sourcing /Users/bartoszmaka/.local/share/nvim/lazy/tree-nvim-web-devicons/plugin/nvim-web-devicons.vim
350.768  000.029  000.029: sourcing /Users/bartoszmaka/.local/share/nvim/lazy/barbar.nvim/plugin/barbar.lua
351.376  000.043  000.043: require('barbar.animate')
351.519  000.042  000.042: require('barbar.utils.table')
351.565  000.045  000.045: require('barbar.utils')
351.568  000.145  000.057: require('barbar.config')
351.611  000.043  000.043: require('barbar.utils.list')
351.753  000.045  000.045: require('barbar.fs')
351.760  000.098  000.054: require('barbar.buffer')
351.767  000.155  000.057: require('barbar.state')
351.769  000.392  000.049: require('barbar.bbye')
351.816  000.046  000.046: require('barbar.jump_mode')
351.952  000.044  000.044: require('barbar.utils.highlight')
351.954  000.088  000.044: require('barbar.icons')
351.956  000.139  000.051: require('barbar.ui.layout')
352.055  000.042  000.042: require('barbar.ui.nodes')
352.060  000.104  000.062: require('barbar.ui.render')
352.066  000.791  000.067: require('barbar.api')
352.247  000.099  000.099: require('barbar.highlight')
352.251  000.156  000.057: require('barbar.events')
352.252  001.438  000.491: require('barbar')
367.992  000.032  000.032: sourcing /Users/bartoszmaka/.local/share/nvim/lazy/vim-prisma/ftdetect/prisma.vim
368.477  000.029  000.029: sourcing /Users/bartoszmaka/.local/share/nvim/lazy/vim_yank_with_context/plugin/vim_yank_with_context.vim
368.948  000.087  000.087: sourcing /Users/bartoszmaka/.local/share/nvim/lazy/vim-commentary/plugin/commentary.vim
369.532  000.161  000.161: sourcing /Users/bartoszmaka/.local/share/nvim/lazy/switch.vim/plugin/switch.vim
370.150  000.207  000.207: sourcing /Users/bartoszmaka/.local/share/nvim/lazy/vim-surround/plugin/surround.vim
370.649  000.104  000.104: sourcing /Users/bartoszmaka/.local/share/nvim/lazy/vim-rails/plugin/rails.vim
371.699  000.487  000.487: sourcing /Users/bartoszmaka/.local/share/nvim/lazy/vim-abolish/plugin/abolish.vim
372.724  000.181  000.181: sourcing /Users/bartoszmaka/.local/share/nvim/lazy/vim-test/autoload/test.vim
373.171  001.063  000.882: sourcing /Users/bartoszmaka/.local/share/nvim/lazy/vim-test/plugin/test.vim
373.396  000.026  000.026: sourcing /Users/bartoszmaka/.local/share/nvim/lazy/nvim-colorizer.lua/plugin/colorizer.vim
374.176  000.078  000.078: require('colorizer/nvim')
374.307  000.130  000.130: require('colorizer/trie')
374.429  001.024  000.816: require('colorizer')
375.015  000.054  000.054: sourcing /Users/bartoszmaka/.local/share/nvim/lazy/vim-maximizer/plugin/maximizer.vim
375.249  000.096  000.096: sourcing /opt/homebrew/Cellar/neovim/0.9.5/share/nvim/runtime/plugin/editorconfig.lua
375.361  000.007  000.007: sourcing /opt/homebrew/Cellar/neovim/0.9.5/share/nvim/runtime/plugin/gzip.vim
375.417  000.005  000.005: sourcing /opt/homebrew/Cellar/neovim/0.9.5/share/nvim/runtime/plugin/health.vim
375.516  000.058  000.058: sourcing /opt/homebrew/Cellar/neovim/0.9.5/share/nvim/runtime/plugin/man.lua
375.579  000.007  000.007: sourcing /opt/homebrew/Cellar/neovim/0.9.5/share/nvim/runtime/plugin/matchit.vim
375.639  000.006  000.006: sourcing /opt/homebrew/Cellar/neovim/0.9.5/share/nvim/runtime/plugin/matchparen.vim
375.698  000.008  000.008: sourcing /opt/homebrew/Cellar/neovim/0.9.5/share/nvim/runtime/plugin/netrwPlugin.vim
375.827  000.052  000.052: sourcing /opt/homebrew/Cellar/neovim/0.9.5/share/nvim/runtime/plugin/nvim.lua
375.972  000.088  000.088: sourcing /opt/homebrew/Cellar/neovim/0.9.5/share/nvim/runtime/plugin/rplugin.vim
376.070  000.031  000.031: sourcing /opt/homebrew/Cellar/neovim/0.9.5/share/nvim/runtime/plugin/shada.vim
376.143  000.005  000.005: sourcing /opt/homebrew/Cellar/neovim/0.9.5/share/nvim/runtime/plugin/spellfile.vim
376.217  000.007  000.007: sourcing /opt/homebrew/Cellar/neovim/0.9.5/share/nvim/runtime/plugin/tarPlugin.vim
376.269  000.005  000.005: sourcing /opt/homebrew/Cellar/neovim/0.9.5/share/nvim/runtime/plugin/tohtml.vim
376.319  000.009  000.009: sourcing /opt/homebrew/Cellar/neovim/0.9.5/share/nvim/runtime/plugin/tutor.vim
376.366  000.007  000.007: sourcing /opt/homebrew/Cellar/neovim/0.9.5/share/nvim/runtime/plugin/zipPlugin.vim
377.080  000.046  000.046: sourcing /Users/bartoszmaka/.local/share/nvim/lazy/ultisnips/after/plugin/UltiSnips_after.vim
377.151  000.002  000.002: sourcing /Users/bartoszmaka/.local/share/nvim/lazy/vim-matchup/after/plugin/matchit.vim
377.238  000.014  000.014: sourcing /Users/bartoszmaka/.local/share/nvim/lazy/ctrlsf.vim/after/plugin/ctrlsf.vim
377.434  000.096  000.096: require('cmp_cmdline')
377.452  000.145  000.049: sourcing /Users/bartoszmaka/.local/share/nvim/lazy/cmp-cmdline/after/plugin/cmp_cmdline.lua
377.610  000.058  000.058: require('cmp_omni')
377.617  000.096  000.038: sourcing /Users/bartoszmaka/.local/share/nvim/lazy/cmp-omni/after/plugin/cmp_omni.lua
377.766  000.058  000.058: require('cmp-spell')
377.771  000.089  000.031: sourcing /Users/bartoszmaka/.local/share/nvim/lazy/cmp-spell/after/plugin/cmp-spell.lua
377.954  000.064  000.064: require('cmp_path')
377.962  000.097  000.033: sourcing /Users/bartoszmaka/.local/share/nvim/lazy/cmp-path/after/plugin/cmp_path.lua
378.378  000.073  000.073: require('cmp_buffer.timer')
378.381  000.155  000.082: require('cmp_buffer.buffer')
378.384  000.224  000.069: require('cmp_buffer.source')
378.385  000.272  000.048: require('cmp_buffer')
378.394  000.309  000.037: sourcing /Users/bartoszmaka/.local/share/nvim/lazy/cmp-buffer/after/plugin/cmp_buffer.lua
378.659  000.070  000.070: require('cmp_nvim_lsp.source')
378.661  000.137  000.068: require('cmp_nvim_lsp')
378.667  000.177  000.040: sourcing /Users/bartoszmaka/.local/share/nvim/lazy/cmp-nvim-lsp/after/plugin/cmp_nvim_lsp.lua
379.269  000.021  000.021: sourcing /Users/bartoszmaka/.local/share/nvim/lazy/ultisnips/plugin/UltiSnips.vim
379.472  000.067  000.067: require('cmp_nvim_ultisnips.treesitter')
379.735  000.044  000.044: sourcing /Users/bartoszmaka/.local/share/nvim/lazy/cmp-nvim-ultisnips/autoload/cmp_nvim_ultisnips.vim
379.762  000.998  000.866: sourcing /Users/bartoszmaka/.local/share/nvim/lazy/cmp-nvim-ultisnips/after/plugin/cmp_nvim_ultisnips.lua
379.798  374.397  074.017: require('setup_lazy')
380.505  000.042  000.042: sourcing /opt/homebrew/Cellar/neovim/0.9.5/share/nvim/runtime/syntax/synload.vim
380.585  000.326  000.285: sourcing /opt/homebrew/Cellar/neovim/0.9.5/share/nvim/runtime/syntax/syntax.vim
380.719  000.920  000.593: require('options')
380.723  375.523  000.049: sourcing /Users/bartoszmaka/.config/nvim/init.lua
380.727  000.798: sourcing vimrc file(s)
380.879  000.019  000.019: sourcing /Users/bartoszmaka/.local/share/nvim/lazy/filetype.nvim/filetype.vim
381.163  000.055  000.055: sourcing /opt/homebrew/Cellar/neovim/0.9.5/share/nvim/runtime/filetype.lua
381.241  000.440: inits 3
385.193  003.952: reading ShaDa
388.323  000.083  000.083: require('illuminate.util')
388.406  000.081  000.081: require('illuminate.config')
388.479  000.071  000.071: require('illuminate.reference')
388.482  000.330  000.095: require('illuminate.highlight')
388.490  001.226  000.896: require('illuminate.engine')
388.614  000.110  000.110: require('illuminate')
388.690  001.611  000.275: sourcing /Users/bartoszmaka/.local/share/nvim/lazy/vim-illuminate/plugin/illuminate.vim
389.963  000.119  000.119: require('ibl.utils')
389.967  000.212  000.093: require('ibl.config')
390.109  000.071  000.071: require('ibl.indent')
390.114  000.145  000.074: require('ibl.hooks')
390.115  000.458  000.101: require('ibl.highlights')
390.177  000.061  000.061: require('ibl.autocmds')
390.243  000.065  000.065: require('ibl.inlay_hints')
390.307  000.062  000.062: require('ibl.virt_text')
390.576  000.203  000.203: require('ibl.scope_languages')
390.577  000.269  000.067: require('ibl.scope')
390.581  001.674  000.758: require('ibl')
390.599  001.735  000.061: sourcing /Users/bartoszmaka/.local/share/nvim/lazy/indent-blankline.nvim/after/plugin/commands.lua
391.543  000.257  000.257: sourcing /Users/bartoszmaka/.local/share/nvim/lazy/vim-projectionist/autoload/projectionist.vim
396.489  003.073  003.073: sourcing /Users/bartoszmaka/.local/share/nvim/lazy/vim-fugitive/autoload/fugitive.vim
417.571  000.214  000.214: require('editorconfig')
417.849  000.201  000.201: require('filetype.mappings.extensions')
418.012  000.161  000.161: require('filetype.mappings.literal')
419.134  001.121  001.121: require('filetype.mappings.function')
419.524  000.335  000.335: require('filetype.mappings.complex')
421.731  000.195  000.195: sourcing /opt/homebrew/Cellar/neovim/0.9.5/share/nvim/runtime/ftplugin/make.vim
423.499  000.302  000.302: sourcing /opt/homebrew/Cellar/neovim/0.9.5/share/nvim/runtime/indent/make.vim
423.964  000.081  000.081: require('ts_context_commentstring.utils')
423.969  000.233  000.152: require('ts_context_commentstring.internal')
427.003  000.515  000.515: require('ts_context_commentstring.integrations.vim_commentary')
448.061  000.044  000.044: sourcing /Users/bartoszmaka/.local/share/nvim/lazy/vim-matchup/autoload/matchup/ts_engine.vim
448.449  000.103  000.103: require('treesitter-matchup.compat')
448.563  000.112  000.112: require('treesitter-matchup.third-party.query')
448.683  000.088  000.088: require('treesitter-matchup.third-party.lru')
448.807  000.122  000.122: require('treesitter-matchup.util')
448.897  000.089  000.089: require('treesitter-matchup.third-party.utils')
448.913  000.819  000.304: require('treesitter-matchup.internal')
449.205  000.014  000.014: sourcing /Users/bartoszmaka/.local/share/nvim/lazy/vim-matchup/autoload/matchup/re.vim
449.941  000.319  000.319: sourcing /Users/bartoszmaka/.local/share/nvim/lazy/vim-matchup/autoload/matchup/util.vim
452.536  000.135  000.135: require('nvim-treesitter.locals')
452.541  000.238  000.104: require('illuminate.providers.treesitter')
453.235  056.654: opening buffers
453.471  000.237: BufEnter autocommands
453.473  000.002: editing files in windows
454.381  000.740  000.740: require('alpha.themes.dashboard')
454.601  000.137  000.137: require('alpha')
454.608  000.226  000.089: require('alpha.term')
455.101  000.082  000.082: require('illuminate.providers.lsp')
455.188  000.079  000.079: require('illuminate.providers.regex')
455.440  000.839: VimEnter autocommands
459.505  004.066: UIEnter autocommands
459.965  000.099  000.099: sourcing /opt/homebrew/Cellar/neovim/0.9.5/share/nvim/runtime/autoload/provider/clipboard.vim
459.970  000.365: before starting main loop
460.409  000.439: first screen update
460.411  000.002: --- NVIM STARTED ---


times in msec
 clock   self+sourced   self:  sourced script
 clock   elapsed:              other lines

000.015  000.015: --- NVIM STARTING ---
000.413  000.398: event init
000.854  000.441: early init
001.154  000.300: locale set
001.267  000.113: init first window
013.979  012.711: inits 1
013.994  000.016: window checked
014.084  000.090: parsing arguments
014.818  000.036  000.036: require('vim.shared')
014.900  000.035  000.035: require('vim._options')
014.901  000.080  000.045: require('vim._editor')
014.903  000.212  000.095: require('vim._init_packages')
014.905  000.609: init lua interpreter
015.307  000.402: expanding arguments
015.324  000.017: inits 2
015.589  000.265: init highlight
